<?xml version="1.0" encoding="UTF-8"?>
<robot generator="Robot 4.0 (Python 3.7.7 on linux)" generated="20210418 21:07:45.318" rpa="true" schemaversion="2">
<suite id="s1" name="Factura" source="/home/UA/2/ArquitecturasNuevaGeneracion/Robot/NGArchitecture/RPA/Factura.robot">
<test id="s1-t1" name="GENERATE INVOICE">
<for flavor="IN RANGE">
<var>${i}</var>
<value>9999999</value>
<iter>
<var name="${i}">0</var>
<kw name="Get Current Date" library="DateTime">
<var>${date}</var>
<doc>Returns current local or UTC time with an optional increment.</doc>
<msg timestamp="20210418 21:07:45.774" level="INFO">${date} = 2021-04-18 21:07:45.774</msg>
<status status="PASS" starttime="20210418 21:07:45.774" endtime="20210418 21:07:45.774"/>
</kw>
<kw name="Init Sqs Client" library="RPA.Cloud.AWS">
<arg>aws_key_id=${AWS_KEY_ID}</arg>
<arg>aws_key=${AWS_KEY}</arg>
<arg>region=${REGION}</arg>
<arg>queue_url=${queue_url}</arg>
<doc>Initialize AWS SQS client</doc>
<msg timestamp="20210418 21:07:45.775" level="INFO">Protecting keyword: rpa.cloud.aws.init_sqs_client</msg>
<msg timestamp="20210418 21:07:45.857" level="INFO">Log level changed from NONE to INFO.</msg>
<status status="PASS" starttime="20210418 21:07:45.774" endtime="20210418 21:07:45.857"/>
</kw>
<kw name="Receive Message" library="RPA.Cloud.AWS">
<var>${mssg}</var>
<doc>Receive message from queue</doc>
<msg timestamp="20210418 21:07:46.649" level="INFO">${mssg} = {'MessageId': 'f831000b-f922-4140-b93e-0a45bc3c846d', 'ReceiptHandle': 'AQEBV2fap+NihMflxzacGgbBbbsIWAq0jAYLMn7PTeDaDYKi+cnRcnu29yJa7uvK1Z6c4cgkrPNBciJHEE9B+32rZ9HQpI1vn2n7hRUEl7Z6ztr2bE3MHjRVh4kizl6m...</msg>
<status status="PASS" starttime="20210418 21:07:45.857" endtime="20210418 21:07:46.649"/>
</kw>
<kw name="Evaluate" library="BuiltIn">
<var>${getMessage}</var>
<arg>${mssg} is None</arg>
<doc>Evaluates the given expression in Python and returns the result.</doc>
<msg timestamp="20210418 21:07:46.653" level="INFO">${getMessage} = False</msg>
<status status="PASS" starttime="20210418 21:07:46.651" endtime="20210418 21:07:46.653"/>
</kw>
<kw name="Log" library="BuiltIn">
<arg>${getMessage}</arg>
<doc>Logs the given message with the given level.</doc>
<msg timestamp="20210418 21:07:46.656" level="INFO">False</msg>
<status status="PASS" starttime="20210418 21:07:46.654" endtime="20210418 21:07:46.656"/>
</kw>
<kw name="Exit For Loop If" library="BuiltIn">
<arg>${getMessage}</arg>
<doc>Stops executing the enclosing for loop if the ``condition`` is true.</doc>
<status status="PASS" starttime="20210418 21:07:46.657" endtime="20210418 21:07:46.658"/>
</kw>
<kw name="Evaluate" library="BuiltIn">
<var>${bodyM}</var>
<arg>json.dumps(${mssg})</arg>
<doc>Evaluates the given expression in Python and returns the result.</doc>
<msg timestamp="20210418 21:07:46.660" level="INFO">${bodyM} = {"MessageId": "f831000b-f922-4140-b93e-0a45bc3c846d", "ReceiptHandle": "AQEBV2fap+NihMflxzacGgbBbbsIWAq0jAYLMn7PTeDaDYKi+cnRcnu29yJa7uvK1Z6c4cgkrPNBciJHEE9B+32rZ9HQpI1vn2n7hRUEl7Z6ztr2bE3MHjRVh4kizl6m...</msg>
<status status="PASS" starttime="20210418 21:07:46.658" endtime="20210418 21:07:46.660"/>
</kw>
<kw name="Get value from JSON" library="RPA.JSON">
<var>${receipt_handle}</var>
<arg>${bodyM}</arg>
<arg>$.ReceiptHandle</arg>
<doc>Get a single value from a JSON serializable object that matches the given expression.</doc>
<msg timestamp="20210418 21:07:46.663" level="INFO">Get value from JSON with expression: "$.ReceiptHandle"</msg>
<msg timestamp="20210418 21:07:46.708" level="INFO">${receipt_handle} = AQEBV2fap+NihMflxzacGgbBbbsIWAq0jAYLMn7PTeDaDYKi+cnRcnu29yJa7uvK1Z6c4cgkrPNBciJHEE9B+32rZ9HQpI1vn2n7hRUEl7Z6ztr2bE3MHjRVh4kizl6m4xGvK6Q4tT/HlM2iPYzDuLckPe2ECJej1acucmL8L65zojCW1HrRXlCpzBw3N3n9Pww8s/sM...</msg>
<status status="PASS" starttime="20210418 21:07:46.661" endtime="20210418 21:07:46.708"/>
</kw>
<kw name="Get value from JSON" library="RPA.JSON">
<var>${bodyM}</var>
<arg>${bodyM}</arg>
<arg>$.Body</arg>
<doc>Get a single value from a JSON serializable object that matches the given expression.</doc>
<msg timestamp="20210418 21:07:46.709" level="INFO">Get value from JSON with expression: "$.Body"</msg>
<msg timestamp="20210418 21:07:46.727" level="INFO">${bodyM} = {'user' : 777777777, 'status' : 'AVAILABLE_TO_BILL'}</msg>
<status status="PASS" starttime="20210418 21:07:46.708" endtime="20210418 21:07:46.727"/>
</kw>
<kw name="Evaluate" library="BuiltIn">
<var>${bodyM}</var>
<arg>json.dumps(${bodyM})</arg>
<doc>Evaluates the given expression in Python and returns the result.</doc>
<msg timestamp="20210418 21:07:46.727" level="INFO">${bodyM} = {"user": 777777777, "status": "AVAILABLE_TO_BILL"}</msg>
<status status="PASS" starttime="20210418 21:07:46.727" endtime="20210418 21:07:46.727"/>
</kw>
<kw name="Get value from JSON" library="RPA.JSON">
<var>${status}</var>
<arg>${bodyM}</arg>
<arg>$.status</arg>
<doc>Get a single value from a JSON serializable object that matches the given expression.</doc>
<msg timestamp="20210418 21:07:46.728" level="INFO">Get value from JSON with expression: "$.status"</msg>
<msg timestamp="20210418 21:07:46.748" level="INFO">${status} = AVAILABLE_TO_BILL</msg>
<status status="PASS" starttime="20210418 21:07:46.727" endtime="20210418 21:07:46.748"/>
</kw>
<kw name="Get value from JSON" library="RPA.JSON">
<var>${docToBill}</var>
<arg>${bodyM}</arg>
<arg>$.user</arg>
<doc>Get a single value from a JSON serializable object that matches the given expression.</doc>
<msg timestamp="20210418 21:07:46.749" level="INFO">Get value from JSON with expression: "$.user"</msg>
<msg timestamp="20210418 21:07:46.767" level="INFO">${docToBill} = 777777777</msg>
<status status="PASS" starttime="20210418 21:07:46.748" endtime="20210418 21:07:46.768"/>
</kw>
<kw name="Log" library="BuiltIn">
<arg>${docToBill} -- ${status}</arg>
<doc>Logs the given message with the given level.</doc>
<msg timestamp="20210418 21:07:46.768" level="INFO">777777777 -- AVAILABLE_TO_BILL</msg>
<status status="PASS" starttime="20210418 21:07:46.768" endtime="20210418 21:07:46.768"/>
</kw>
<kw name="Evaluate" library="BuiltIn">
<var>${getStatus}</var>
<arg>$status != $STATUS</arg>
<doc>Evaluates the given expression in Python and returns the result.</doc>
<msg timestamp="20210418 21:07:46.771" level="INFO">${getStatus} = False</msg>
<status status="PASS" starttime="20210418 21:07:46.768" endtime="20210418 21:07:46.772"/>
</kw>
<kw name="Log" library="BuiltIn">
<arg>${getStatus}</arg>
<doc>Logs the given message with the given level.</doc>
<msg timestamp="20210418 21:07:46.772" level="INFO">False</msg>
<status status="PASS" starttime="20210418 21:07:46.772" endtime="20210418 21:07:46.772"/>
</kw>
<kw name="Exit For Loop If" library="BuiltIn">
<arg>${getStatus}</arg>
<doc>Stops executing the enclosing for loop if the ``condition`` is true.</doc>
<status status="PASS" starttime="20210418 21:07:46.772" endtime="20210418 21:07:46.772"/>
</kw>
<kw name="Set Variable" library="BuiltIn">
<var>${request}</var>
<arg>{ ${operation} ${docToBill}}</arg>
<doc>Returns the given values which can then be assigned to a variables.</doc>
<msg timestamp="20210418 21:07:46.773" level="INFO">${request} = { "operation" : "getInvoiceData", "id" : 777777777}</msg>
<status status="PASS" starttime="20210418 21:07:46.773" endtime="20210418 21:07:46.773"/>
</kw>
<kw name="Create Session" library="RPA.HTTP">
<arg>httpbin</arg>
<arg>${URL_WS}</arg>
<doc>Create Session: create a HTTP session to a server</doc>
<msg timestamp="20210418 21:07:46.773" level="INFO">Creating Session using : alias=httpbin, url=https://rkbxeoc25h.execute-api.us-east-2.amazonaws.com, headers={},                     cookies={}, auth=None, timeout=None, proxies=None, verify=False,                     debug=0 </msg>
<status status="PASS" starttime="20210418 21:07:46.773" endtime="20210418 21:07:46.773"/>
</kw>
<kw name="Post Request" library="RPA.HTTP">
<var>${resp}</var>
<arg>httpbin</arg>
<arg>${PATH_WS}</arg>
<arg>data=${request}</arg>
<doc>Send a POST request on the session object found using the
given `alias`</doc>
<msg timestamp="20210418 21:07:48.503" level="INFO">POST Request : url=https://rkbxeoc25h.execute-api.us-east-2.amazonaws.com/prod/invoice 
 path_url=/prod/invoice 
 headers={'User-Agent': 'python-requests/2.22.0', 'Accept-Encoding': 'gzip, deflate', 'Accept': '*/*', 'Connection': 'keep-alive', 'Content-Length': '51'} 
 body=b'{ "operation" : "getInvoiceData", "id" : 777777777}' 
 </msg>
<msg timestamp="20210418 21:07:48.543" level="INFO">POST Response : url=https://rkbxeoc25h.execute-api.us-east-2.amazonaws.com/prod/invoice 
 status=200, reason=OK 
 body={"costData":{"module":"management","version":"1.0.0","procedures":[{"id":45,"procedure":"Radiografía de torax","value":12.5},{"id":23,"procedure":"Operación de costilla","value":43.5},{"id":30,"procedure":"Hospitalización en cama x noche","value":11.5}]},"patientData":{"module":"patient","version":"1.0.0","name":"John","lastName":"Doe","document":123123,"type":"passport","address":"Av 12 # 12 -12"},"proceduresData":{"module":"clinicHistory","version":"1.0.0","procedures":[{"id":123,"date":"12/12/2012","procedureId":45,"medicalHeadquarterId":2,"professionalId":1522,"quantity":2},{"id":124,"date":"13/12/2012","procedureId":23,"medicalHeadquarterId":2,"professionalId":1488,"quantity":1}]}} 
 </msg>
<msg timestamp="20210418 21:07:48.543" level="INFO">/usr/lib/python3.7/site-packages/urllib3/connectionpool.py:1004: InsecureRequestWarning: Unverified HTTPS request is being made. Adding certificate verification is strongly advised. See: https://urllib3.readthedocs.io/en/latest/advanced-usage.html#ssl-warnings
  InsecureRequestWarning,</msg>
<msg timestamp="20210418 21:07:48.543" level="INFO">${resp} = &lt;Response [200]&gt;</msg>
<status status="PASS" starttime="20210418 21:07:46.774" endtime="20210418 21:07:48.543"/>
</kw>
<kw name="Set Variable" library="BuiltIn">
<var>${facturacion}</var>
<arg>${resp.json()}</arg>
<doc>Returns the given values which can then be assigned to a variables.</doc>
<msg timestamp="20210418 21:07:48.546" level="INFO">${facturacion} = {'costData': {'module': 'management', 'version': '1.0.0', 'procedures': [{'id': 45, 'procedure': 'Radiografía de torax', 'value': 12.5}, {'id': 23, 'procedure': 'Operación de costilla', 'value': 43.5}...</msg>
<status status="PASS" starttime="20210418 21:07:48.544" endtime="20210418 21:07:48.546"/>
</kw>
<kw name="Get value from JSON" library="RPA.JSON">
<var>${name}</var>
<arg>${facturacion}</arg>
<arg>$.patientData.name</arg>
<doc>Get a single value from a JSON serializable object that matches the given expression.</doc>
<msg timestamp="20210418 21:07:48.547" level="INFO">Get value from JSON with expression: "$.patientData.name"</msg>
<msg timestamp="20210418 21:07:48.570" level="INFO">${name} = John</msg>
<status status="PASS" starttime="20210418 21:07:48.546" endtime="20210418 21:07:48.570"/>
</kw>
<kw name="Get value from JSON" library="RPA.JSON">
<var>${lastName}</var>
<arg>${facturacion}</arg>
<arg>$.patientData.lastName</arg>
<doc>Get a single value from a JSON serializable object that matches the given expression.</doc>
<msg timestamp="20210418 21:07:48.571" level="INFO">Get value from JSON with expression: "$.patientData.lastName"</msg>
<msg timestamp="20210418 21:07:48.589" level="INFO">${lastName} = Doe</msg>
<status status="PASS" starttime="20210418 21:07:48.570" endtime="20210418 21:07:48.589"/>
</kw>
<kw name="Get value from JSON" library="RPA.JSON">
<var>${document}</var>
<arg>${facturacion}</arg>
<arg>$.patientData.document</arg>
<doc>Get a single value from a JSON serializable object that matches the given expression.</doc>
<msg timestamp="20210418 21:07:48.590" level="INFO">Get value from JSON with expression: "$.patientData.document"</msg>
<msg timestamp="20210418 21:07:48.614" level="INFO">${document} = 123123</msg>
<status status="PASS" starttime="20210418 21:07:48.589" endtime="20210418 21:07:48.614"/>
</kw>
<kw name="Get value from JSON" library="RPA.JSON">
<var>${type}</var>
<arg>${facturacion}</arg>
<arg>$.patientData.type</arg>
<doc>Get a single value from a JSON serializable object that matches the given expression.</doc>
<msg timestamp="20210418 21:07:48.615" level="INFO">Get value from JSON with expression: "$.patientData.type"</msg>
<msg timestamp="20210418 21:07:48.632" level="INFO">${type} = passport</msg>
<status status="PASS" starttime="20210418 21:07:48.614" endtime="20210418 21:07:48.632"/>
</kw>
<kw name="Get value from JSON" library="RPA.JSON">
<var>${address}</var>
<arg>${facturacion}</arg>
<arg>$.patientData.address</arg>
<doc>Get a single value from a JSON serializable object that matches the given expression.</doc>
<msg timestamp="20210418 21:07:48.633" level="INFO">Get value from JSON with expression: "$.patientData.address"</msg>
<msg timestamp="20210418 21:07:48.650" level="INFO">${address} = Av 12 # 12 -12</msg>
<status status="PASS" starttime="20210418 21:07:48.632" endtime="20210418 21:07:48.650"/>
</kw>
<kw name="Create List" library="BuiltIn">
<var>${N}</var>
<arg>NIT</arg>
<arg>Razon Social</arg>
<arg>Fecha</arg>
<arg>Factura de Cobro</arg>
<arg>-------INFORMACION-</arg>
<arg>Nombre</arg>
<arg>Apellido</arg>
<arg>Documento</arg>
<arg>Tipo Documento</arg>
<arg>Direccion</arg>
<arg>-------TRATAMIENTO-</arg>
<doc>Returns a list containing given items.</doc>
<msg timestamp="20210418 21:07:48.650" level="INFO">${N} = ['NIT', 'Razon Social', 'Fecha', 'Factura de Cobro', '-------INFORMACION-', 'Nombre', 'Apellido', 'Documento', 'Tipo Documento', 'Direccion', '-------TRATAMIENTO-']</msg>
<status status="PASS" starttime="20210418 21:07:48.650" endtime="20210418 21:07:48.650"/>
</kw>
<kw name="Create List" library="BuiltIn">
<var>${V}</var>
<arg>12345678</arg>
<arg>ClincaABC</arg>
<arg>${date}</arg>
<arg>${type}${document}</arg>
<arg>-PERSONAL-------</arg>
<arg>${name}</arg>
<arg>${lastName}</arg>
<arg>${document}</arg>
<arg>${type}</arg>
<arg>${address}</arg>
<arg>-COSTO-------</arg>
<doc>Returns a list containing given items.</doc>
<msg timestamp="20210418 21:07:48.651" level="INFO">${V} = ['12345678', 'ClincaABC', '2021-04-18 21:07:45.774', 'passport123123', '-PERSONAL-------', 'John', 'Doe', 123123, 'passport', 'Av 12 # 12 -12', '-COSTO-------']</msg>
<status status="PASS" starttime="20210418 21:07:48.651" endtime="20210418 21:07:48.651"/>
</kw>
<kw name="Create List" library="BuiltIn">
<var>${C}</var>
<arg>.....</arg>
<arg>.....</arg>
<arg>.....</arg>
<arg>.....</arg>
<arg>.....</arg>
<arg>.....</arg>
<arg>.....</arg>
<arg>.....</arg>
<arg>.....</arg>
<arg>.....</arg>
<arg>-CANTIDAD-</arg>
<doc>Returns a list containing given items.</doc>
<msg timestamp="20210418 21:07:48.652" level="INFO">${C} = ['.....', '.....', '.....', '.....', '.....', '.....', '.....', '.....', '.....', '.....', '-CANTIDAD-']</msg>
<status status="PASS" starttime="20210418 21:07:48.651" endtime="20210418 21:07:48.652"/>
</kw>
<kw name="Get values from JSON" library="RPA.JSON">
<var>${proceduresIds}</var>
<arg>${facturacion}</arg>
<arg>$.proceduresData.procedures[*].procedureId</arg>
<doc>Get all values from a JSON serializable object that match the given expression.</doc>
<msg timestamp="20210418 21:07:48.652" level="INFO">Get values from JSON with expression: "$.proceduresData.procedures[*].procedureId"</msg>
<msg timestamp="20210418 21:07:48.669" level="INFO">${proceduresIds} = [45, 23]</msg>
<status status="PASS" starttime="20210418 21:07:48.652" endtime="20210418 21:07:48.669"/>
</kw>
<kw name="Get values from JSON" library="RPA.JSON">
<var>${costsIds}</var>
<arg>${facturacion}</arg>
<arg>$.costData.procedures[*].id</arg>
<doc>Get all values from a JSON serializable object that match the given expression.</doc>
<msg timestamp="20210418 21:07:48.670" level="INFO">Get values from JSON with expression: "$.costData.procedures[*].id"</msg>
<msg timestamp="20210418 21:07:48.687" level="INFO">${costsIds} = [45, 23, 30]</msg>
<status status="PASS" starttime="20210418 21:07:48.669" endtime="20210418 21:07:48.687"/>
</kw>
<kw name="Set Variable" library="BuiltIn">
<var>${iterator}</var>
<arg>0</arg>
<doc>Returns the given values which can then be assigned to a variables.</doc>
<msg timestamp="20210418 21:07:48.687" level="INFO">${iterator} = 0</msg>
<status status="PASS" starttime="20210418 21:07:48.687" endtime="20210418 21:07:48.687"/>
</kw>
<kw name="Set Variable" library="BuiltIn">
<var>${totalCost}</var>
<arg>0</arg>
<doc>Returns the given values which can then be assigned to a variables.</doc>
<msg timestamp="20210418 21:07:48.688" level="INFO">${totalCost} = 0</msg>
<status status="PASS" starttime="20210418 21:07:48.688" endtime="20210418 21:07:48.688"/>
</kw>
<for flavor="IN">
<var>${id}</var>
<value>@{proceduresIds}</value>
<iter>
<var name="${id}">45</var>
<kw name="Evaluate" library="BuiltIn">
<var>${costIndex}</var>
<arg>${costsIds}.index(${id})</arg>
<doc>Evaluates the given expression in Python and returns the result.</doc>
<msg timestamp="20210418 21:07:48.689" level="INFO">${costIndex} = 0</msg>
<status status="PASS" starttime="20210418 21:07:48.688" endtime="20210418 21:07:48.689"/>
</kw>
<kw name="Get value from JSON" library="RPA.JSON">
<var>${procedure}</var>
<arg>${facturacion}</arg>
<arg>$.costData.procedures[${costIndex}].procedure</arg>
<doc>Get a single value from a JSON serializable object that matches the given expression.</doc>
<msg timestamp="20210418 21:07:48.689" level="INFO">Get value from JSON with expression: "$.costData.procedures[0].procedure"</msg>
<msg timestamp="20210418 21:07:48.707" level="INFO">${procedure} = Radiografía de torax</msg>
<status status="PASS" starttime="20210418 21:07:48.689" endtime="20210418 21:07:48.707"/>
</kw>
<kw name="Get value from JSON" library="RPA.JSON">
<var>${cost}</var>
<arg>${facturacion}</arg>
<arg>$.costData.procedures[${costIndex}].value</arg>
<doc>Get a single value from a JSON serializable object that matches the given expression.</doc>
<msg timestamp="20210418 21:07:48.708" level="INFO">Get value from JSON with expression: "$.costData.procedures[0].value"</msg>
<msg timestamp="20210418 21:07:48.725" level="INFO">${cost} = 12.5</msg>
<status status="PASS" starttime="20210418 21:07:48.707" endtime="20210418 21:07:48.725"/>
</kw>
<kw name="Get value from JSON" library="RPA.JSON">
<var>${quantity}</var>
<arg>${facturacion}</arg>
<arg>$.proceduresData.procedures[${iterator}].quantity</arg>
<doc>Get a single value from a JSON serializable object that matches the given expression.</doc>
<msg timestamp="20210418 21:07:48.725" level="INFO">Get value from JSON with expression: "$.proceduresData.procedures[0].quantity"</msg>
<msg timestamp="20210418 21:07:48.743" level="INFO">${quantity} = 2</msg>
<status status="PASS" starttime="20210418 21:07:48.725" endtime="20210418 21:07:48.743"/>
</kw>
<kw name="Create Dictionary" library="BuiltIn">
<var>${Dict}</var>
<arg>Nombre</arg>
<arg>${procedure}</arg>
<arg>Valor</arg>
<arg>${cost}</arg>
<doc>Creates and returns a dictionary based on the given ``items``.</doc>
<msg timestamp="20210418 21:07:48.744" level="INFO">${Dict} = {'Nombre': 'Radiografía de torax', 'Valor': 12.5}</msg>
<status status="PASS" starttime="20210418 21:07:48.744" endtime="20210418 21:07:48.744"/>
</kw>
<kw name="Append To List" library="Collections">
<arg>${N}</arg>
<arg>${procedure}</arg>
<doc>Adds ``values`` to the end of ``list``.</doc>
<status status="PASS" starttime="20210418 21:07:48.744" endtime="20210418 21:07:48.744"/>
</kw>
<kw name="Append To List" library="Collections">
<arg>${V}</arg>
<arg>${cost}</arg>
<doc>Adds ``values`` to the end of ``list``.</doc>
<status status="PASS" starttime="20210418 21:07:48.745" endtime="20210418 21:07:48.745"/>
</kw>
<kw name="Append To List" library="Collections">
<arg>${C}</arg>
<arg>..${quantity}..</arg>
<doc>Adds ``values`` to the end of ``list``.</doc>
<status status="PASS" starttime="20210418 21:07:48.745" endtime="20210418 21:07:48.745"/>
</kw>
<kw name="Evaluate" library="BuiltIn">
<var>${totalCost}</var>
<arg>${totalCost} + (${cost} * ${quantity})</arg>
<doc>Evaluates the given expression in Python and returns the result.</doc>
<msg timestamp="20210418 21:07:48.746" level="INFO">${totalCost} = 25.0</msg>
<status status="PASS" starttime="20210418 21:07:48.745" endtime="20210418 21:07:48.746"/>
</kw>
<kw name="Evaluate" library="BuiltIn">
<var>${iterator}</var>
<arg>${iterator} + 1</arg>
<doc>Evaluates the given expression in Python and returns the result.</doc>
<msg timestamp="20210418 21:07:48.746" level="INFO">${iterator} = 1</msg>
<status status="PASS" starttime="20210418 21:07:48.746" endtime="20210418 21:07:48.746"/>
</kw>
<status status="PASS" starttime="20210418 21:07:48.688" endtime="20210418 21:07:48.746"/>
</iter>
<iter>
<var name="${id}">23</var>
<kw name="Evaluate" library="BuiltIn">
<var>${costIndex}</var>
<arg>${costsIds}.index(${id})</arg>
<doc>Evaluates the given expression in Python and returns the result.</doc>
<msg timestamp="20210418 21:07:48.747" level="INFO">${costIndex} = 1</msg>
<status status="PASS" starttime="20210418 21:07:48.747" endtime="20210418 21:07:48.747"/>
</kw>
<kw name="Get value from JSON" library="RPA.JSON">
<var>${procedure}</var>
<arg>${facturacion}</arg>
<arg>$.costData.procedures[${costIndex}].procedure</arg>
<doc>Get a single value from a JSON serializable object that matches the given expression.</doc>
<msg timestamp="20210418 21:07:48.748" level="INFO">Get value from JSON with expression: "$.costData.procedures[1].procedure"</msg>
<msg timestamp="20210418 21:07:48.765" level="INFO">${procedure} = Operación de costilla</msg>
<status status="PASS" starttime="20210418 21:07:48.747" endtime="20210418 21:07:48.765"/>
</kw>
<kw name="Get value from JSON" library="RPA.JSON">
<var>${cost}</var>
<arg>${facturacion}</arg>
<arg>$.costData.procedures[${costIndex}].value</arg>
<doc>Get a single value from a JSON serializable object that matches the given expression.</doc>
<msg timestamp="20210418 21:07:48.766" level="INFO">Get value from JSON with expression: "$.costData.procedures[1].value"</msg>
<msg timestamp="20210418 21:07:48.783" level="INFO">${cost} = 43.5</msg>
<status status="PASS" starttime="20210418 21:07:48.766" endtime="20210418 21:07:48.783"/>
</kw>
<kw name="Get value from JSON" library="RPA.JSON">
<var>${quantity}</var>
<arg>${facturacion}</arg>
<arg>$.proceduresData.procedures[${iterator}].quantity</arg>
<doc>Get a single value from a JSON serializable object that matches the given expression.</doc>
<msg timestamp="20210418 21:07:48.784" level="INFO">Get value from JSON with expression: "$.proceduresData.procedures[1].quantity"</msg>
<msg timestamp="20210418 21:07:48.801" level="INFO">${quantity} = 1</msg>
<status status="PASS" starttime="20210418 21:07:48.783" endtime="20210418 21:07:48.801"/>
</kw>
<kw name="Create Dictionary" library="BuiltIn">
<var>${Dict}</var>
<arg>Nombre</arg>
<arg>${procedure}</arg>
<arg>Valor</arg>
<arg>${cost}</arg>
<doc>Creates and returns a dictionary based on the given ``items``.</doc>
<msg timestamp="20210418 21:07:48.801" level="INFO">${Dict} = {'Nombre': 'Operación de costilla', 'Valor': 43.5}</msg>
<status status="PASS" starttime="20210418 21:07:48.801" endtime="20210418 21:07:48.802"/>
</kw>
<kw name="Append To List" library="Collections">
<arg>${N}</arg>
<arg>${procedure}</arg>
<doc>Adds ``values`` to the end of ``list``.</doc>
<status status="PASS" starttime="20210418 21:07:48.802" endtime="20210418 21:07:48.802"/>
</kw>
<kw name="Append To List" library="Collections">
<arg>${V}</arg>
<arg>${cost}</arg>
<doc>Adds ``values`` to the end of ``list``.</doc>
<status status="PASS" starttime="20210418 21:07:48.802" endtime="20210418 21:07:48.802"/>
</kw>
<kw name="Append To List" library="Collections">
<arg>${C}</arg>
<arg>..${quantity}..</arg>
<doc>Adds ``values`` to the end of ``list``.</doc>
<status status="PASS" starttime="20210418 21:07:48.802" endtime="20210418 21:07:48.803"/>
</kw>
<kw name="Evaluate" library="BuiltIn">
<var>${totalCost}</var>
<arg>${totalCost} + (${cost} * ${quantity})</arg>
<doc>Evaluates the given expression in Python and returns the result.</doc>
<msg timestamp="20210418 21:07:48.803" level="INFO">${totalCost} = 68.5</msg>
<status status="PASS" starttime="20210418 21:07:48.803" endtime="20210418 21:07:48.803"/>
</kw>
<kw name="Evaluate" library="BuiltIn">
<var>${iterator}</var>
<arg>${iterator} + 1</arg>
<doc>Evaluates the given expression in Python and returns the result.</doc>
<msg timestamp="20210418 21:07:48.804" level="INFO">${iterator} = 2</msg>
<status status="PASS" starttime="20210418 21:07:48.803" endtime="20210418 21:07:48.804"/>
</kw>
<status status="PASS" starttime="20210418 21:07:48.747" endtime="20210418 21:07:48.804"/>
</iter>
<status status="PASS" starttime="20210418 21:07:48.688" endtime="20210418 21:07:48.804"/>
</for>
<kw name="Append To List" library="Collections">
<arg>${N}</arg>
<arg>-------------------</arg>
<arg>-COSTO--TOTAL-</arg>
<doc>Adds ``values`` to the end of ``list``.</doc>
<status status="PASS" starttime="20210418 21:07:48.804" endtime="20210418 21:07:48.804"/>
</kw>
<kw name="Append To List" library="Collections">
<arg>${V}</arg>
<arg>-------------------</arg>
<arg>${totalCost}</arg>
<doc>Adds ``values`` to the end of ``list``.</doc>
<status status="PASS" starttime="20210418 21:07:48.805" endtime="20210418 21:07:48.805"/>
</kw>
<kw name="Append To List" library="Collections">
<arg>${C}</arg>
<arg>-------------------</arg>
<arg>.....</arg>
<doc>Adds ``values`` to the end of ``list``.</doc>
<status status="PASS" starttime="20210418 21:07:48.805" endtime="20210418 21:07:48.805"/>
</kw>
<kw name="Create Dictionary" library="BuiltIn">
<var>${InvoiceList}</var>
<arg>NOMBRES</arg>
<arg>${N}</arg>
<arg>CANTIDAD</arg>
<arg>${C}</arg>
<arg>VALORES</arg>
<arg>${V}</arg>
<doc>Creates and returns a dictionary based on the given ``items``.</doc>
<msg timestamp="20210418 21:07:48.806" level="INFO">${InvoiceList} = {'NOMBRES': ['NIT', 'Razon Social', 'Fecha', 'Factura de Cobro', '-------INFORMACION-', 'Nombre', 'Apellido', 'Documento', 'Tipo Documento', 'Direccion', '-------TRATAMIENTO-', 'Radiografía de torax',...</msg>
<status status="PASS" starttime="20210418 21:07:48.805" endtime="20210418 21:07:48.806"/>
</kw>
<kw name="Create Table" library="RPA.Tables">
<var>${INVOICE}</var>
<arg>${InvoiceList}</arg>
<doc>Create Table object from data.</doc>
<msg timestamp="20210418 21:07:48.807" level="INFO">Created table: Table(columns=['NOMBRES', 'CANTIDAD', 'VALORES'], rows=15)</msg>
<msg timestamp="20210418 21:07:48.807" level="INFO">${INVOICE} = Table(columns=['NOMBRES', 'CANTIDAD', 'VALORES'], rows=15)</msg>
<status status="PASS" starttime="20210418 21:07:48.806" endtime="20210418 21:07:48.807"/>
</kw>
<kw name="Write Table To Csv" library="RPA.Tables">
<arg>${INVOICE}</arg>
<arg>${file_path}</arg>
<doc>Write a table as a CSV file.</doc>
<status status="PASS" starttime="20210418 21:07:48.807" endtime="20210418 21:07:48.808"/>
</kw>
<kw name="Init S3 Client" library="RPA.Cloud.AWS">
<arg>aws_key_id=${AWS_KEY_ID}</arg>
<arg>aws_key=${AWS_KEY}</arg>
<doc>Initialize AWS S3 client</doc>
<msg timestamp="20210418 21:07:48.808" level="INFO">Protecting keyword: rpa.cloud.aws.init_s3_client</msg>
<msg timestamp="20210418 21:07:48.831" level="INFO">Log level changed from NONE to INFO.</msg>
<status status="PASS" starttime="20210418 21:07:48.808" endtime="20210418 21:07:48.831"/>
</kw>
<kw name="Upload File" library="RPA.Cloud.AWS">
<arg>${BUCKET_NAME}</arg>
<arg>${file_path}</arg>
<arg>Invoices${/}factura${type}${document}${date}.csv</arg>
<doc>Upload single file into bucket</doc>
<status status="PASS" starttime="20210418 21:07:48.831" endtime="20210418 21:07:50.241"/>
</kw>
<status status="PASS" starttime="20210418 21:07:45.718" endtime="20210418 21:07:50.242"/>
</iter>
<iter>
<var name="${i}">1</var>
<kw name="Get Current Date" library="DateTime">
<var>${date}</var>
<doc>Returns current local or UTC time with an optional increment.</doc>
<msg timestamp="20210418 21:07:50.246" level="INFO">${date} = 2021-04-18 21:07:50.246</msg>
<status status="PASS" starttime="20210418 21:07:50.245" endtime="20210418 21:07:50.246"/>
</kw>
<kw name="Init Sqs Client" library="RPA.Cloud.AWS">
<arg>aws_key_id=${AWS_KEY_ID}</arg>
<arg>aws_key=${AWS_KEY}</arg>
<arg>region=${REGION}</arg>
<arg>queue_url=${queue_url}</arg>
<doc>Initialize AWS SQS client</doc>
<msg timestamp="20210418 21:07:50.247" level="INFO">Protecting keyword: rpa.cloud.aws.init_sqs_client</msg>
<msg timestamp="20210418 21:07:50.254" level="INFO">Log level changed from NONE to INFO.</msg>
<status status="PASS" starttime="20210418 21:07:50.246" endtime="20210418 21:07:50.253"/>
</kw>
<kw name="Receive Message" library="RPA.Cloud.AWS">
<var>${mssg}</var>
<doc>Receive message from queue</doc>
<msg timestamp="20210418 21:07:50.941" level="INFO">${mssg} = None</msg>
<status status="PASS" starttime="20210418 21:07:50.254" endtime="20210418 21:07:50.941"/>
</kw>
<kw name="Evaluate" library="BuiltIn">
<var>${getMessage}</var>
<arg>${mssg} is None</arg>
<doc>Evaluates the given expression in Python and returns the result.</doc>
<msg timestamp="20210418 21:07:50.943" level="INFO">${getMessage} = True</msg>
<status status="PASS" starttime="20210418 21:07:50.942" endtime="20210418 21:07:50.943"/>
</kw>
<kw name="Log" library="BuiltIn">
<arg>${getMessage}</arg>
<doc>Logs the given message with the given level.</doc>
<msg timestamp="20210418 21:07:50.943" level="INFO">True</msg>
<status status="PASS" starttime="20210418 21:07:50.943" endtime="20210418 21:07:50.944"/>
</kw>
<kw name="Exit For Loop If" library="BuiltIn">
<arg>${getMessage}</arg>
<doc>Stops executing the enclosing for loop if the ``condition`` is true.</doc>
<msg timestamp="20210418 21:07:50.944" level="INFO">Exiting for loop altogether.</msg>
<status status="PASS" starttime="20210418 21:07:50.944" endtime="20210418 21:07:50.944"/>
</kw>
<status status="PASS" starttime="20210418 21:07:50.244" endtime="20210418 21:07:50.945"/>
</iter>
<status status="PASS" starttime="20210418 21:07:45.513" endtime="20210418 21:07:51.028"/>
</for>
<kw name="Log" library="BuiltIn">
<arg>No existen mas datos para procesar.</arg>
<doc>Logs the given message with the given level.</doc>
<msg timestamp="20210418 21:07:51.029" level="INFO">No existen mas datos para procesar.</msg>
<status status="PASS" starttime="20210418 21:07:51.029" endtime="20210418 21:07:51.029"/>
</kw>
<status status="PASS" starttime="20210418 21:07:45.512" endtime="20210418 21:07:51.030"/>
</test>
<status status="PASS" starttime="20210418 21:07:45.319" endtime="20210418 21:07:51.030"/>
</suite>
<statistics>
<total>
<stat pass="1" fail="0" skip="0">All Tasks</stat>
</total>
<tag>
</tag>
<suite>
<stat pass="1" fail="0" skip="0" id="s1" name="Factura">Factura</stat>
</suite>
</statistics>
<errors>
</errors>
</robot>
